e:\ventoy(1)\ventoy2disk\ventoy2disk\x64\debug\vc143.pdb
e:\ventoy(1)\ventoy2disk\ventoy2disk\x64\debug\vc143.idb
e:\ventoy(1)\ventoy2disk\ventoy2disk\x64\debug\partdialog.obj
e:\ventoy(1)\ventoy2disk\ventoy2disk\x64\debug\language.obj
e:\ventoy(1)\ventoy2disk\ventoy2disk\x64\debug\ffunicode.obj
e:\ventoy(1)\ventoy2disk\ventoy2disk\x64\debug\ffsystem.obj
e:\ventoy(1)\ventoy2disk\ventoy2disk\x64\debug\ff.obj
e:\ventoy(1)\ventoy2disk\ventoy2disk\x64\debug\diskio.obj
e:\ventoy(1)\ventoy2disk\ventoy2disk\x64\debug\fat_write.obj
e:\ventoy(1)\ventoy2disk\ventoy2disk\x64\debug\fat_table.obj
e:\ventoy(1)\ventoy2disk\ventoy2disk\x64\debug\fat_string.obj
e:\ventoy(1)\ventoy2disk\ventoy2disk\x64\debug\fat_misc.obj
e:\ventoy(1)\ventoy2disk\ventoy2disk\x64\debug\fat_format.obj
e:\ventoy(1)\ventoy2disk\ventoy2disk\x64\debug\fat_filelib.obj
e:\ventoy(1)\ventoy2disk\ventoy2disk\x64\debug\fat_cache.obj
e:\ventoy(1)\ventoy2disk\ventoy2disk\x64\debug\fat_access.obj
e:\ventoy(1)\ventoy2disk\ventoy2disk\x64\debug\diskservice_wmsa.obj
e:\ventoy(1)\ventoy2disk\ventoy2disk\x64\debug\diskservice_vds.obj
e:\ventoy(1)\ventoy2disk\ventoy2disk\x64\debug\diskservice_diskpart.obj
e:\ventoy(1)\ventoy2disk\ventoy2disk\x64\debug\diskservice.obj
e:\ventoy(1)\ventoy2disk\ventoy2disk\x64\debug\crc32.obj
e:\ventoy(1)\ventoy2disk\ventoy2disk\x64\debug\alertsuppress.obj
e:\ventoy(1)\ventoy2disk\ventoy2disk\x64\debug\yesdialog.obj
e:\ventoy(1)\ventoy2disk\ventoy2disk\x64\debug\decompress_unxz.obj
e:\ventoy(1)\ventoy2disk\ventoy2disk\x64\debug\windialog.obj
e:\ventoy(1)\ventoy2disk\ventoy2disk\x64\debug\ventoy_cli.obj
e:\ventoy(1)\ventoy2disk\ventoy2disk\x64\debug\ventoyjson.obj
e:\ventoy(1)\ventoy2disk\ventoy2disk\x64\debug\ventoy2disk.obj
e:\ventoy(1)\ventoy2disk\ventoy2disk\x64\debug\utility.obj
e:\ventoy(1)\ventoy2disk\ventoy2disk\x64\debug\process.obj
e:\ventoy(1)\ventoy2disk\ventoy2disk\x64\debug\phydrive.obj
e:\program files\ventroy\ventoy-1.0.88\ventoy2disk_x64.exe
e:\ventoy(1)\ventoy2disk\ventoy2disk\x64\debug\ventoy2disk_x64.ilk
e:\program files\ventroy\ventoy-1.0.88\ventoy2disk_x64.pdb
e:\ventoy(1)\ventoy2disk\ventoy2disk\x64\debug\ventoy2disk.res
e:\ventoy(1)\ventoy2disk\ventoy2disk\x64\debug\alertsuppress.nativecodeanalysis.xml
e:\ventoy(1)\ventoy2disk\ventoy2disk\x64\debug\crc32.nativecodeanalysis.xml
e:\ventoy(1)\ventoy2disk\ventoy2disk\x64\debug\diskservice.nativecodeanalysis.xml
e:\ventoy(1)\ventoy2disk\ventoy2disk\x64\debug\diskservice_diskpart.nativecodeanalysis.xml
e:\ventoy(1)\ventoy2disk\ventoy2disk\x64\debug\diskservice_vds.nativecodeanalysis.xml
e:\ventoy(1)\ventoy2disk\ventoy2disk\x64\debug\diskservice_wmsa.nativecodeanalysis.xml
e:\ventoy(1)\ventoy2disk\ventoy2disk\x64\debug\fat_access.nativecodeanalysis.xml
e:\ventoy(1)\ventoy2disk\ventoy2disk\x64\debug\fat_cache.nativecodeanalysis.xml
e:\ventoy(1)\ventoy2disk\ventoy2disk\x64\debug\fat_filelib.nativecodeanalysis.xml
e:\ventoy(1)\ventoy2disk\ventoy2disk\x64\debug\fat_format.nativecodeanalysis.xml
e:\ventoy(1)\ventoy2disk\ventoy2disk\x64\debug\fat_misc.nativecodeanalysis.xml
e:\ventoy(1)\ventoy2disk\ventoy2disk\x64\debug\fat_string.nativecodeanalysis.xml
e:\ventoy(1)\ventoy2disk\ventoy2disk\x64\debug\fat_table.nativecodeanalysis.xml
e:\ventoy(1)\ventoy2disk\ventoy2disk\x64\debug\fat_write.nativecodeanalysis.xml
e:\ventoy(1)\ventoy2disk\ventoy2disk\x64\debug\language.nativecodeanalysis.xml
e:\ventoy(1)\ventoy2disk\ventoy2disk\x64\debug\partdialog.nativecodeanalysis.xml
e:\ventoy(1)\ventoy2disk\ventoy2disk\x64\debug\ventoy2disk.tlog\cl.command.1.tlog
e:\ventoy(1)\ventoy2disk\ventoy2disk\x64\debug\ventoy2disk.tlog\cl.read.1.tlog
e:\ventoy(1)\ventoy2disk\ventoy2disk\x64\debug\ventoy2disk.tlog\cl.write.1.tlog
e:\ventoy(1)\ventoy2disk\ventoy2disk\x64\debug\ventoy2disk.tlog\link.command.1.tlog
e:\ventoy(1)\ventoy2disk\ventoy2disk\x64\debug\ventoy2disk.tlog\link.read.1.tlog
e:\ventoy(1)\ventoy2disk\ventoy2disk\x64\debug\ventoy2disk.tlog\link.write.1.tlog
e:\ventoy(1)\ventoy2disk\ventoy2disk\x64\debug\ventoy2disk.tlog\rc.command.1.tlog
e:\ventoy(1)\ventoy2disk\ventoy2disk\x64\debug\ventoy2disk.tlog\rc.read.1.tlog
e:\ventoy(1)\ventoy2disk\ventoy2disk\x64\debug\ventoy2disk.tlog\rc.write.1.tlog
