  diskio.cpp
D:\迅雷下载\sg\fatfs-master\fatfs-master\source\diskio.cpp(23,20): error C4430: 缺少类型说明符 - 假定为 int。注意: C++ 不支持默认 int
D:\迅雷下载\sg\fatfs-master\fatfs-master\source\diskio.cpp(23,9): error C2146: 语法错误: 缺少“;”(在标识符“disk_status”的前面)
D:\迅雷下载\sg\fatfs-master\fatfs-master\source\diskio.cpp(24,1): error C2143: 语法错误: 缺少“;”(在“{”的前面)
D:\迅雷下载\sg\fatfs-master\fatfs-master\source\diskio.cpp(24,1): error C2447: “{”: 缺少函数标题(是否是老式的形式表?)
D:\迅雷下载\sg\fatfs-master\fatfs-master\source\diskio.cpp(59,25): error C4430: 缺少类型说明符 - 假定为 int。注意: C++ 不支持默认 int
D:\迅雷下载\sg\fatfs-master\fatfs-master\source\diskio.cpp(59,1): error C2086: “int DSTATUS”: 重定义
D:\迅雷下载\sg\fatfs-master\fatfs-master\source\diskio.cpp(23,1): message : 参见“DSTATUS”的声明
D:\迅雷下载\sg\fatfs-master\fatfs-master\source\diskio.cpp(59,9): error C2146: 语法错误: 缺少“;”(在标识符“disk_initialize”的前面)
D:\迅雷下载\sg\fatfs-master\fatfs-master\source\diskio.cpp(60,1): error C2143: 语法错误: 缺少“;”(在“{”的前面)
D:\迅雷下载\sg\fatfs-master\fatfs-master\source\diskio.cpp(60,1): error C2447: “{”: 缺少函数标题(是否是老式的形式表?)
D:\迅雷下载\sg\fatfs-master\fatfs-master\source\diskio.cpp(95,19): error C4430: 缺少类型说明符 - 假定为 int。注意: C++ 不支持默认 int
D:\迅雷下载\sg\fatfs-master\fatfs-master\source\diskio.cpp(95,9): error C2146: 语法错误: 缺少“;”(在标识符“disk_read”的前面)
D:\迅雷下载\sg\fatfs-master\fatfs-master\source\diskio.cpp(101,1): error C2143: 语法错误: 缺少“;”(在“{”的前面)
D:\迅雷下载\sg\fatfs-master\fatfs-master\source\diskio.cpp(101,1): error C2447: “{”: 缺少函数标题(是否是老式的形式表?)
D:\迅雷下载\sg\fatfs-master\fatfs-master\source\diskio.cpp(145,20): error C4430: 缺少类型说明符 - 假定为 int。注意: C++ 不支持默认 int
D:\迅雷下载\sg\fatfs-master\fatfs-master\source\diskio.cpp(145,1): error C2086: “int DRESULT”: 重定义
D:\迅雷下载\sg\fatfs-master\fatfs-master\source\diskio.cpp(95,1): message : 参见“DRESULT”的声明
D:\迅雷下载\sg\fatfs-master\fatfs-master\source\diskio.cpp(145,9): error C2146: 语法错误: 缺少“;”(在标识符“disk_write”的前面)
D:\迅雷下载\sg\fatfs-master\fatfs-master\source\diskio.cpp(146,1): error C2143: 语法错误: 缺少“;”(在“{”的前面)
D:\迅雷下载\sg\fatfs-master\fatfs-master\source\diskio.cpp(146,1): error C2447: “{”: 缺少函数标题(是否是老式的形式表?)
D:\迅雷下载\sg\fatfs-master\fatfs-master\source\diskio.cpp(189,20): error C4430: 缺少类型说明符 - 假定为 int。注意: C++ 不支持默认 int
D:\迅雷下载\sg\fatfs-master\fatfs-master\source\diskio.cpp(189,1): error C2086: “int DRESULT”: 重定义
D:\迅雷下载\sg\fatfs-master\fatfs-master\source\diskio.cpp(95,1): message : 参见“DRESULT”的声明
D:\迅雷下载\sg\fatfs-master\fatfs-master\source\diskio.cpp(189,9): error C2146: 语法错误: 缺少“;”(在标识符“disk_ioctl”的前面)
D:\迅雷下载\sg\fatfs-master\fatfs-master\source\diskio.cpp(190,1): error C2143: 语法错误: 缺少“;”(在“{”的前面)
D:\迅雷下载\sg\fatfs-master\fatfs-master\source\diskio.cpp(190,1): error C2447: “{”: 缺少函数标题(是否是老式的形式表?)
  ff.cpp
D:\迅雷下载\sg\fatfs-master\fatfs-master\source\ff.cpp(34,1): fatal  error C1189: #error:  Wrong include file (ff.h).
  ffsystem.cpp
D:\迅雷下载\sg\fatfs-master\fatfs-master\source\ff.h(105,14): error C2371: “TCHAR”: 重定义；不同的基类型
D:\Windows Kits\10\Include\10.0.22000.0\um\winnt.h(577,15): message : 参见“TCHAR”的声明
  ffunicode.cpp
D:\迅雷下载\sg\fatfs-master\fatfs-master\source\ff.h(105,14): error C2371: “TCHAR”: 重定义；不同的基类型
D:\Windows Kits\10\Include\10.0.22000.0\um\winnt.h(577,15): message : 参见“TCHAR”的声明
  正在生成代码...
